<?xml version="1.0" encoding="UTF-8"?>
<testsuite xmlns:xsi="http://www.w3.org/2001/XMLSchema-instance" xsi:noNamespaceSchemaLocation="https://maven.apache.org/surefire/maven-surefire-plugin/xsd/surefire-test-report.xsd" name="com.lab7.AppTest" time="2.655" tests="3" errors="0" skipped="0" failures="0">
  <properties>
    <property name="sun.desktop" value="gnome"/>
    <property name="awt.toolkit" value="sun.awt.X11.XToolkit"/>
    <property name="java.specification.version" value="11"/>
    <property name="sun.cpu.isalist" value=""/>
    <property name="sun.jnu.encoding" value="UTF-8"/>
    <property name="java.class.path" value="/home/artur/Desktop/3ano/TQS/tqs_98470/lab7/lab7_1/ex1/target/test-classes:/home/artur/Desktop/3ano/TQS/tqs_98470/lab7/lab7_1/ex1/target/classes:/home/artur/.m2/repository/org/junit/jupiter/junit-jupiter-api/5.8.2/junit-jupiter-api-5.8.2.jar:/home/artur/.m2/repository/org/opentest4j/opentest4j/1.2.0/opentest4j-1.2.0.jar:/home/artur/.m2/repository/org/junit/platform/junit-platform-commons/1.8.2/junit-platform-commons-1.8.2.jar:/home/artur/.m2/repository/org/apiguardian/apiguardian-api/1.1.2/apiguardian-api-1.1.2.jar:/home/artur/.m2/repository/io/rest-assured/rest-assured/5.0.1/rest-assured-5.0.1.jar:/home/artur/.m2/repository/org/apache/groovy/groovy/4.0.1/groovy-4.0.1.jar:/home/artur/.m2/repository/org/apache/groovy/groovy-xml/4.0.1/groovy-xml-4.0.1.jar:/home/artur/.m2/repository/org/apache/httpcomponents/httpclient/4.5.13/httpclient-4.5.13.jar:/home/artur/.m2/repository/org/apache/httpcomponents/httpcore/4.4.13/httpcore-4.4.13.jar:/home/artur/.m2/repository/commons-logging/commons-logging/1.2/commons-logging-1.2.jar:/home/artur/.m2/repository/commons-codec/commons-codec/1.11/commons-codec-1.11.jar:/home/artur/.m2/repository/org/apache/httpcomponents/httpmime/4.5.13/httpmime-4.5.13.jar:/home/artur/.m2/repository/org/hamcrest/hamcrest/2.1/hamcrest-2.1.jar:/home/artur/.m2/repository/org/ccil/cowan/tagsoup/tagsoup/1.2.1/tagsoup-1.2.1.jar:/home/artur/.m2/repository/io/rest-assured/json-path/5.0.1/json-path-5.0.1.jar:/home/artur/.m2/repository/org/apache/groovy/groovy-json/4.0.1/groovy-json-4.0.1.jar:/home/artur/.m2/repository/io/rest-assured/rest-assured-common/5.0.1/rest-assured-common-5.0.1.jar:/home/artur/.m2/repository/io/rest-assured/xml-path/5.0.1/xml-path-5.0.1.jar:/home/artur/.m2/repository/org/apache/commons/commons-lang3/3.11/commons-lang3-3.11.jar:/home/artur/.m2/repository/org/springframework/boot/spring-boot-starter-test/2.5.0/spring-boot-starter-test-2.5.0.jar:/home/artur/.m2/repository/org/springframework/boot/spring-boot-starter/2.5.0/spring-boot-starter-2.5.0.jar:/home/artur/.m2/repository/org/springframework/boot/spring-boot/2.5.0/spring-boot-2.5.0.jar:/home/artur/.m2/repository/org/springframework/spring-context/5.3.7/spring-context-5.3.7.jar:/home/artur/.m2/repository/org/springframework/spring-aop/5.3.7/spring-aop-5.3.7.jar:/home/artur/.m2/repository/org/springframework/spring-beans/5.3.7/spring-beans-5.3.7.jar:/home/artur/.m2/repository/org/springframework/spring-expression/5.3.7/spring-expression-5.3.7.jar:/home/artur/.m2/repository/org/springframework/boot/spring-boot-autoconfigure/2.5.0/spring-boot-autoconfigure-2.5.0.jar:/home/artur/.m2/repository/org/springframework/boot/spring-boot-starter-logging/2.5.0/spring-boot-starter-logging-2.5.0.jar:/home/artur/.m2/repository/ch/qos/logback/logback-classic/1.2.3/logback-classic-1.2.3.jar:/home/artur/.m2/repository/ch/qos/logback/logback-core/1.2.3/logback-core-1.2.3.jar:/home/artur/.m2/repository/org/apache/logging/log4j/log4j-to-slf4j/2.14.1/log4j-to-slf4j-2.14.1.jar:/home/artur/.m2/repository/org/apache/logging/log4j/log4j-api/2.14.1/log4j-api-2.14.1.jar:/home/artur/.m2/repository/org/slf4j/jul-to-slf4j/1.7.30/jul-to-slf4j-1.7.30.jar:/home/artur/.m2/repository/jakarta/annotation/jakarta.annotation-api/1.3.5/jakarta.annotation-api-1.3.5.jar:/home/artur/.m2/repository/org/yaml/snakeyaml/1.28/snakeyaml-1.28.jar:/home/artur/.m2/repository/org/springframework/boot/spring-boot-test/2.5.0/spring-boot-test-2.5.0.jar:/home/artur/.m2/repository/org/springframework/boot/spring-boot-test-autoconfigure/2.5.0/spring-boot-test-autoconfigure-2.5.0.jar:/home/artur/.m2/repository/com/jayway/jsonpath/json-path/2.5.0/json-path-2.5.0.jar:/home/artur/.m2/repository/net/minidev/json-smart/2.3/json-smart-2.3.jar:/home/artur/.m2/repository/net/minidev/accessors-smart/1.2/accessors-smart-1.2.jar:/home/artur/.m2/repository/org/ow2/asm/asm/5.0.4/asm-5.0.4.jar:/home/artur/.m2/repository/org/slf4j/slf4j-api/1.7.30/slf4j-api-1.7.30.jar:/home/artur/.m2/repository/jakarta/xml/bind/jakarta.xml.bind-api/2.3.3/jakarta.xml.bind-api-2.3.3.jar:/home/artur/.m2/repository/jakarta/activation/jakarta.activation-api/1.2.2/jakarta.activation-api-1.2.2.jar:/home/artur/.m2/repository/org/assertj/assertj-core/3.19.0/assertj-core-3.19.0.jar:/home/artur/.m2/repository/org/junit/jupiter/junit-jupiter/5.7.2/junit-jupiter-5.7.2.jar:/home/artur/.m2/repository/org/junit/jupiter/junit-jupiter-params/5.7.2/junit-jupiter-params-5.7.2.jar:/home/artur/.m2/repository/org/junit/jupiter/junit-jupiter-engine/5.7.2/junit-jupiter-engine-5.7.2.jar:/home/artur/.m2/repository/org/junit/platform/junit-platform-engine/1.7.2/junit-platform-engine-1.7.2.jar:/home/artur/.m2/repository/org/mockito/mockito-core/3.9.0/mockito-core-3.9.0.jar:/home/artur/.m2/repository/net/bytebuddy/byte-buddy/1.10.20/byte-buddy-1.10.20.jar:/home/artur/.m2/repository/net/bytebuddy/byte-buddy-agent/1.10.20/byte-buddy-agent-1.10.20.jar:/home/artur/.m2/repository/org/objenesis/objenesis/3.2/objenesis-3.2.jar:/home/artur/.m2/repository/org/mockito/mockito-junit-jupiter/3.9.0/mockito-junit-jupiter-3.9.0.jar:/home/artur/.m2/repository/org/skyscreamer/jsonassert/1.5.0/jsonassert-1.5.0.jar:/home/artur/.m2/repository/com/vaadin/external/google/android-json/0.0.20131108.vaadin1/android-json-0.0.20131108.vaadin1.jar:/home/artur/.m2/repository/org/springframework/spring-core/5.3.7/spring-core-5.3.7.jar:/home/artur/.m2/repository/org/springframework/spring-jcl/5.3.7/spring-jcl-5.3.7.jar:/home/artur/.m2/repository/org/springframework/spring-test/5.3.7/spring-test-5.3.7.jar:/home/artur/.m2/repository/org/xmlunit/xmlunit-core/2.8.2/xmlunit-core-2.8.2.jar:"/>
    <property name="java.vm.vendor" value="Ubuntu"/>
    <property name="sun.arch.data.model" value="64"/>
    <property name="java.vendor.url" value="https://ubuntu.com/"/>
    <property name="user.timezone" value=""/>
    <property name="user.country.format" value="PT"/>
    <property name="java.vm.specification.version" value="11"/>
    <property name="os.name" value="Linux"/>
    <property name="sun.java.launcher" value="SUN_STANDARD"/>
    <property name="user.country" value="US"/>
    <property name="sun.boot.library.path" value="/usr/lib/jvm/java-11-openjdk-amd64/lib"/>
    <property name="sun.java.command" value="/home/artur/Desktop/3ano/TQS/tqs_98470/lab7/lab7_1/ex1/target/surefire/surefirebooter3913535146826989058.jar /home/artur/Desktop/3ano/TQS/tqs_98470/lab7/lab7_1/ex1/target/surefire 2022-04-21T17-48-40_702-jvmRun1 surefire5826983626574457254tmp surefire_017461272875517498386tmp"/>
    <property name="jdk.debug" value="release"/>
    <property name="surefire.test.class.path" value="/home/artur/Desktop/3ano/TQS/tqs_98470/lab7/lab7_1/ex1/target/test-classes:/home/artur/Desktop/3ano/TQS/tqs_98470/lab7/lab7_1/ex1/target/classes:/home/artur/.m2/repository/org/junit/jupiter/junit-jupiter-api/5.8.2/junit-jupiter-api-5.8.2.jar:/home/artur/.m2/repository/org/opentest4j/opentest4j/1.2.0/opentest4j-1.2.0.jar:/home/artur/.m2/repository/org/junit/platform/junit-platform-commons/1.8.2/junit-platform-commons-1.8.2.jar:/home/artur/.m2/repository/org/apiguardian/apiguardian-api/1.1.2/apiguardian-api-1.1.2.jar:/home/artur/.m2/repository/io/rest-assured/rest-assured/5.0.1/rest-assured-5.0.1.jar:/home/artur/.m2/repository/org/apache/groovy/groovy/4.0.1/groovy-4.0.1.jar:/home/artur/.m2/repository/org/apache/groovy/groovy-xml/4.0.1/groovy-xml-4.0.1.jar:/home/artur/.m2/repository/org/apache/httpcomponents/httpclient/4.5.13/httpclient-4.5.13.jar:/home/artur/.m2/repository/org/apache/httpcomponents/httpcore/4.4.13/httpcore-4.4.13.jar:/home/artur/.m2/repository/commons-logging/commons-logging/1.2/commons-logging-1.2.jar:/home/artur/.m2/repository/commons-codec/commons-codec/1.11/commons-codec-1.11.jar:/home/artur/.m2/repository/org/apache/httpcomponents/httpmime/4.5.13/httpmime-4.5.13.jar:/home/artur/.m2/repository/org/hamcrest/hamcrest/2.1/hamcrest-2.1.jar:/home/artur/.m2/repository/org/ccil/cowan/tagsoup/tagsoup/1.2.1/tagsoup-1.2.1.jar:/home/artur/.m2/repository/io/rest-assured/json-path/5.0.1/json-path-5.0.1.jar:/home/artur/.m2/repository/org/apache/groovy/groovy-json/4.0.1/groovy-json-4.0.1.jar:/home/artur/.m2/repository/io/rest-assured/rest-assured-common/5.0.1/rest-assured-common-5.0.1.jar:/home/artur/.m2/repository/io/rest-assured/xml-path/5.0.1/xml-path-5.0.1.jar:/home/artur/.m2/repository/org/apache/commons/commons-lang3/3.11/commons-lang3-3.11.jar:/home/artur/.m2/repository/org/springframework/boot/spring-boot-starter-test/2.5.0/spring-boot-starter-test-2.5.0.jar:/home/artur/.m2/repository/org/springframework/boot/spring-boot-starter/2.5.0/spring-boot-starter-2.5.0.jar:/home/artur/.m2/repository/org/springframework/boot/spring-boot/2.5.0/spring-boot-2.5.0.jar:/home/artur/.m2/repository/org/springframework/spring-context/5.3.7/spring-context-5.3.7.jar:/home/artur/.m2/repository/org/springframework/spring-aop/5.3.7/spring-aop-5.3.7.jar:/home/artur/.m2/repository/org/springframework/spring-beans/5.3.7/spring-beans-5.3.7.jar:/home/artur/.m2/repository/org/springframework/spring-expression/5.3.7/spring-expression-5.3.7.jar:/home/artur/.m2/repository/org/springframework/boot/spring-boot-autoconfigure/2.5.0/spring-boot-autoconfigure-2.5.0.jar:/home/artur/.m2/repository/org/springframework/boot/spring-boot-starter-logging/2.5.0/spring-boot-starter-logging-2.5.0.jar:/home/artur/.m2/repository/ch/qos/logback/logback-classic/1.2.3/logback-classic-1.2.3.jar:/home/artur/.m2/repository/ch/qos/logback/logback-core/1.2.3/logback-core-1.2.3.jar:/home/artur/.m2/repository/org/apache/logging/log4j/log4j-to-slf4j/2.14.1/log4j-to-slf4j-2.14.1.jar:/home/artur/.m2/repository/org/apache/logging/log4j/log4j-api/2.14.1/log4j-api-2.14.1.jar:/home/artur/.m2/repository/org/slf4j/jul-to-slf4j/1.7.30/jul-to-slf4j-1.7.30.jar:/home/artur/.m2/repository/jakarta/annotation/jakarta.annotation-api/1.3.5/jakarta.annotation-api-1.3.5.jar:/home/artur/.m2/repository/org/yaml/snakeyaml/1.28/snakeyaml-1.28.jar:/home/artur/.m2/repository/org/springframework/boot/spring-boot-test/2.5.0/spring-boot-test-2.5.0.jar:/home/artur/.m2/repository/org/springframework/boot/spring-boot-test-autoconfigure/2.5.0/spring-boot-test-autoconfigure-2.5.0.jar:/home/artur/.m2/repository/com/jayway/jsonpath/json-path/2.5.0/json-path-2.5.0.jar:/home/artur/.m2/repository/net/minidev/json-smart/2.3/json-smart-2.3.jar:/home/artur/.m2/repository/net/minidev/accessors-smart/1.2/accessors-smart-1.2.jar:/home/artur/.m2/repository/org/ow2/asm/asm/5.0.4/asm-5.0.4.jar:/home/artur/.m2/repository/org/slf4j/slf4j-api/1.7.30/slf4j-api-1.7.30.jar:/home/artur/.m2/repository/jakarta/xml/bind/jakarta.xml.bind-api/2.3.3/jakarta.xml.bind-api-2.3.3.jar:/home/artur/.m2/repository/jakarta/activation/jakarta.activation-api/1.2.2/jakarta.activation-api-1.2.2.jar:/home/artur/.m2/repository/org/assertj/assertj-core/3.19.0/assertj-core-3.19.0.jar:/home/artur/.m2/repository/org/junit/jupiter/junit-jupiter/5.7.2/junit-jupiter-5.7.2.jar:/home/artur/.m2/repository/org/junit/jupiter/junit-jupiter-params/5.7.2/junit-jupiter-params-5.7.2.jar:/home/artur/.m2/repository/org/junit/jupiter/junit-jupiter-engine/5.7.2/junit-jupiter-engine-5.7.2.jar:/home/artur/.m2/repository/org/junit/platform/junit-platform-engine/1.7.2/junit-platform-engine-1.7.2.jar:/home/artur/.m2/repository/org/mockito/mockito-core/3.9.0/mockito-core-3.9.0.jar:/home/artur/.m2/repository/net/bytebuddy/byte-buddy/1.10.20/byte-buddy-1.10.20.jar:/home/artur/.m2/repository/net/bytebuddy/byte-buddy-agent/1.10.20/byte-buddy-agent-1.10.20.jar:/home/artur/.m2/repository/org/objenesis/objenesis/3.2/objenesis-3.2.jar:/home/artur/.m2/repository/org/mockito/mockito-junit-jupiter/3.9.0/mockito-junit-jupiter-3.9.0.jar:/home/artur/.m2/repository/org/skyscreamer/jsonassert/1.5.0/jsonassert-1.5.0.jar:/home/artur/.m2/repository/com/vaadin/external/google/android-json/0.0.20131108.vaadin1/android-json-0.0.20131108.vaadin1.jar:/home/artur/.m2/repository/org/springframework/spring-core/5.3.7/spring-core-5.3.7.jar:/home/artur/.m2/repository/org/springframework/spring-jcl/5.3.7/spring-jcl-5.3.7.jar:/home/artur/.m2/repository/org/springframework/spring-test/5.3.7/spring-test-5.3.7.jar:/home/artur/.m2/repository/org/xmlunit/xmlunit-core/2.8.2/xmlunit-core-2.8.2.jar:"/>
    <property name="sun.cpu.endian" value="little"/>
    <property name="user.home" value="/home/artur"/>
    <property name="user.language" value="en"/>
    <property name="java.specification.vendor" value="Oracle Corporation"/>
    <property name="java.version.date" value="2022-02-08"/>
    <property name="java.home" value="/usr/lib/jvm/java-11-openjdk-amd64"/>
    <property name="file.separator" value="/"/>
    <property name="basedir" value="/home/artur/Desktop/3ano/TQS/tqs_98470/lab7/lab7_1/ex1"/>
    <property name="java.vm.compressedOopsMode" value="Zero based"/>
    <property name="line.separator" value="&#10;"/>
    <property name="java.specification.name" value="Java Platform API Specification"/>
    <property name="java.vm.specification.vendor" value="Oracle Corporation"/>
    <property name="java.awt.graphicsenv" value="sun.awt.X11GraphicsEnvironment"/>
    <property name="surefire.real.class.path" value="/home/artur/Desktop/3ano/TQS/tqs_98470/lab7/lab7_1/ex1/target/surefire/surefirebooter3913535146826989058.jar"/>
    <property name="sun.management.compiler" value="HotSpot 64-Bit Tiered Compilers"/>
    <property name="java.runtime.version" value="11.0.14.1+1-Ubuntu-0ubuntu1.20.04"/>
    <property name="user.name" value="artur"/>
    <property name="path.separator" value=":"/>
    <property name="os.version" value="5.4.0-107-generic"/>
    <property name="java.runtime.name" value="OpenJDK Runtime Environment"/>
    <property name="file.encoding" value="UTF-8"/>
    <property name="java.vm.name" value="OpenJDK 64-Bit Server VM"/>
    <property name="localRepository" value="/home/artur/.m2/repository"/>
    <property name="java.vendor.url.bug" value="https://bugs.launchpad.net/ubuntu/+source/openjdk-lts"/>
    <property name="java.io.tmpdir" value="/tmp"/>
    <property name="java.version" value="11.0.14.1"/>
    <property name="user.dir" value="/home/artur/Desktop/3ano/TQS/tqs_98470/lab7/lab7_1/ex1"/>
    <property name="os.arch" value="amd64"/>
    <property name="java.vm.specification.name" value="Java Virtual Machine Specification"/>
    <property name="java.awt.printerjob" value="sun.print.PSPrinterJob"/>
    <property name="user.language.format" value="pt"/>
    <property name="sun.os.patch.level" value="unknown"/>
    <property name="java.library.path" value="/usr/java/packages/lib:/usr/lib/x86_64-linux-gnu/jni:/lib/x86_64-linux-gnu:/usr/lib/x86_64-linux-gnu:/usr/lib/jni:/lib:/usr/lib"/>
    <property name="java.vm.info" value="mixed mode, sharing"/>
    <property name="java.vendor" value="Ubuntu"/>
    <property name="java.vm.version" value="11.0.14.1+1-Ubuntu-0ubuntu1.20.04"/>
    <property name="sun.io.unicode.encoding" value="UnicodeLittle"/>
    <property name="java.class.version" value="55.0"/>
  </properties>
  <testcase name="availableEndpoint" classname="com.lab7.AppTest" time="1.451"/>
  <testcase name="listAllTodosGet198And199" classname="com.lab7.AppTest" time="0.906"/>
  <testcase name="queryTodo4" classname="com.lab7.AppTest" time="0.284"/>
</testsuite>